<?xml version="1.0" encoding="utf-8"?>
<test-run id="2" testcasecount="21" result="Failed(Child)" total="21" passed="18" failed="3" inconclusive="0" skipped="0" asserts="0" engine-version="3.5.0.0" clr-version="4.0.30319.42000" start-time="2026-02-01 11:00:35Z" end-time="2026-02-01 11:00:36Z" duration="0.3572738">
  <test-suite type="TestSuite" id="1181" name="Asaki" fullname="Asaki" runstate="Runnable" testcasecount="162" result="Failed" site="Child" start-time="2026-02-01 11:00:35Z" end-time="2026-02-01 11:00:36Z" duration="0.357274" total="21" passed="18" failed="3" inconclusive="0" skipped="0" asserts="0">
    <properties>
      <property name="platform" value="PlayMode" />
    </properties>
    <failure>
      <message><![CDATA[One or more child tests had errors]]></message>
    </failure>
    <test-suite type="Assembly" id="1174" name="Tests.dll" fullname="E:/Projects/UnityGame/Asaki/Library/ScriptAssemblies/Tests.dll" runstate="Runnable" testcasecount="162" result="Failed" site="Child" start-time="2026-02-01 11:00:35Z" end-time="2026-02-01 11:00:36Z" duration="0.336413" total="21" passed="18" failed="3" inconclusive="0" skipped="0" asserts="0">
      <properties>
        <property name="_PID" value="39592" />
        <property name="_APPDOMAIN" value="Unity Child Domain" />
        <property name="platform" value="PlayMode" />
        <property name="EditorOnly" value="False" />
      </properties>
      <failure>
        <message><![CDATA[One or more child tests had errors]]></message>
      </failure>
      <test-suite type="TestSuite" id="1175" name="Asaki" fullname="Asaki" runstate="Runnable" testcasecount="162" result="Failed" site="Child" start-time="2026-02-01 11:00:35Z" end-time="2026-02-01 11:00:36Z" duration="0.325806" total="21" passed="18" failed="3" inconclusive="0" skipped="0" asserts="0">
        <properties />
        <failure>
          <message><![CDATA[One or more child tests had errors]]></message>
        </failure>
        <test-suite type="TestSuite" id="1176" name="Tests" fullname="Asaki.Tests" runstate="Runnable" testcasecount="162" result="Failed" site="Child" start-time="2026-02-01 11:00:35Z" end-time="2026-02-01 11:00:36Z" duration="0.310641" total="21" passed="18" failed="3" inconclusive="0" skipped="0" asserts="0">
          <properties />
          <failure>
            <message><![CDATA[One or more child tests had errors]]></message>
          </failure>
          <test-suite type="TestSuite" id="1177" name="Pooling" fullname="Asaki.Tests.Pooling" runstate="Runnable" testcasecount="162" result="Failed" site="Child" start-time="2026-02-01 11:00:36Z" end-time="2026-02-01 11:00:36Z" duration="0.289995" total="21" passed="18" failed="3" inconclusive="0" skipped="0" asserts="0">
            <properties />
            <failure>
              <message><![CDATA[One or more child tests had errors]]></message>
            </failure>
            <test-suite type="TestFixture" id="1001" name="AsakiGenericPoolBoundaryTests" fullname="Asaki.Tests.Pooling.AsakiGenericPoolBoundaryTests" classname="Asaki.Tests.Pooling.AsakiGenericPoolBoundaryTests" runstate="Runnable" testcasecount="21" result="Failed" site="Child" start-time="2026-02-01 11:00:36Z" end-time="2026-02-01 11:00:36Z" duration="0.273240" total="21" passed="18" failed="3" inconclusive="0" skipped="0" asserts="0">
              <properties />
              <failure>
                <message><![CDATA[One or more child tests had errors]]></message>
              </failure>
              <test-case id="1017" name="Clear_AfterDispose_ThrowsObjectDisposedException" fullname="Asaki.Tests.Pooling.AsakiGenericPoolBoundaryTests.Clear_AfterDispose_ThrowsObjectDisposedException" methodname="Clear_AfterDispose_ThrowsObjectDisposedException" classname="Asaki.Tests.Pooling.AsakiGenericPoolBoundaryTests" runstate="Runnable" seed="2131839130" result="Passed" start-time="2026-02-01 11:00:36Z" end-time="2026-02-01 11:00:36Z" duration="0.028321" asserts="0">
                <properties>
                  <property name="Category" value="Exception" />
                  <property name="Description" value="测试释放后清空抛出ObjectDisposedException" />
                  <property name="retryIteration" value="0" />
                  <property name="repeatIteration" value="0" />
                </properties>
                <output><![CDATA[[Info] [AsakiPool] TestPool Disposed - Total: 0, Active: 0, Inactive: 0, Destroyed: 0, Gets: 0, Returns: 0 <color=grey>(AsakiGenericPool.cs:616)</color>
]]></output>
              </test-case>
              <test-case id="1013" name="Clear_WhenOnDestroyThrowsException_ContinuesClearing" fullname="Asaki.Tests.Pooling.AsakiGenericPoolBoundaryTests.Clear_WhenOnDestroyThrowsException_ContinuesClearing" methodname="Clear_WhenOnDestroyThrowsException_ContinuesClearing" classname="Asaki.Tests.Pooling.AsakiGenericPoolBoundaryTests" runstate="Runnable" seed="1438561541" result="Passed" start-time="2026-02-01 11:00:36Z" end-time="2026-02-01 11:00:36Z" duration="0.007229" asserts="0">
                <properties>
                  <property name="Category" value="Exception" />
                  <property name="Description" value="测试工厂OnDestroy抛出异常不影响清理" />
                  <property name="retryIteration" value="0" />
                  <property name="repeatIteration" value="0" />
                </properties>
                <output><![CDATA[[Info] [AsakiPool] TestPool Cleared 1 objects <color=grey>(AsakiGenericPool.cs:412)</color>
[Info] [AsakiPool] TestPool Disposed - Total: 1, Active: 0, Inactive: -1, Destroyed: 1, Gets: 3, Returns: 3 <color=grey>(AsakiGenericPool.cs:616)</color>
]]></output>
              </test-case>
              <test-case id="1014" name="Get_AfterDispose_ThrowsObjectDisposedException" fullname="Asaki.Tests.Pooling.AsakiGenericPoolBoundaryTests.Get_AfterDispose_ThrowsObjectDisposedException" methodname="Get_AfterDispose_ThrowsObjectDisposedException" classname="Asaki.Tests.Pooling.AsakiGenericPoolBoundaryTests" runstate="Runnable" seed="1396355494" result="Passed" start-time="2026-02-01 11:00:36Z" end-time="2026-02-01 11:00:36Z" duration="0.001487" asserts="0">
                <properties>
                  <property name="Category" value="Exception" />
                  <property name="Description" value="测试释放后获取抛出ObjectDisposedException" />
                  <property name="retryIteration" value="0" />
                  <property name="repeatIteration" value="0" />
                </properties>
                <output><![CDATA[[Info] [AsakiPool] TestPool Disposed - Total: 0, Active: 0, Inactive: 0, Destroyed: 0, Gets: 0, Returns: 0 <color=grey>(AsakiGenericPool.cs:616)</color>
]]></output>
              </test-case>
              <test-case id="1009" name="Get_WhenFactoryThrowsException_ReturnsNull" fullname="Asaki.Tests.Pooling.AsakiGenericPoolBoundaryTests.Get_WhenFactoryThrowsException_ReturnsNull" methodname="Get_WhenFactoryThrowsException_ReturnsNull" classname="Asaki.Tests.Pooling.AsakiGenericPoolBoundaryTests" runstate="Runnable" seed="562730282" result="Failed" start-time="2026-02-01 11:00:36Z" end-time="2026-02-01 11:00:36Z" duration="0.008149" asserts="0">
                <properties>
                  <property name="Category" value="Exception" />
                  <property name="Description" value="测试工厂创建抛出异常时Get返回null" />
                  <property name="retryIteration" value="0" />
                  <property name="repeatIteration" value="0" />
                </properties>
                <failure>
                  <message><![CDATA[Unhandled log message: '[Error] [Error] [AsakiPool] TestPool Sync create failed: Simulated creation failure <color=grey>(AsakiGenericPool.cs:252)</color>
System.InvalidOperationException: Simulated creation failure
  at Asaki.Tests.Pooling.TestObjectFactory.CreateSync () [0x0000c] in E:\Projects\UnityGame\Asaki\Assets\Tests\Pooling\AsakiGenericPoolCoreTests.cs:73 
  at Asaki.Core.Pooling.AsakiGenericPool`1[T].Get () [0x00108] in E:\Projects\UnityGame\Asaki\Assets\Asaki\Core\Pooling\AsakiGenericPool.cs:229 '. Use UnityEngine.TestTools.LogAssert.Expect]]></message>
                  <stack-trace><![CDATA[Asaki.Core.Logging.ALog:FallbackToUnityDebug (Asaki.Core.Logging.AsakiLogLevel,string,object,string,int,System.Exception) (at Assets/Asaki/Core/Logging/ALog.cs:122)
Asaki.Core.Logging.ALog:Error (string,System.Exception,string,int) (at Assets/Asaki/Core/Logging/ALog.cs:256)
Asaki.Core.Pooling.AsakiGenericPool`1<Asaki.Tests.Pooling.TestPoolObject>:Get () (at Assets/Asaki/Core/Pooling/AsakiGenericPool.cs:252)
Asaki.Tests.Pooling.AsakiGenericPoolBoundaryTests:Get_WhenFactoryThrowsException_ReturnsNull () (at Assets/Tests/Pooling/AsakiGenericPoolBoundaryTests.cs:305)
System.Reflection.MethodBase:Invoke (object,object[])
NUnit.Framework.Internal.Reflect:InvokeMethod (System.Reflection.MethodInfo,object,object[])
NUnit.Framework.Internal.MethodWrapper:Invoke (object,object[])
NUnit.Framework.Internal.Commands.TestMethodCommand:RunNonAsyncTestMethod (NUnit.Framework.Internal.ITestExecutionContext)
NUnit.Framework.Internal.Commands.TestMethodCommand:RunTestMethod (NUnit.Framework.Internal.ITestExecutionContext)
NUnit.Framework.Internal.Commands.TestMethodCommand:Execute (NUnit.Framework.Internal.ITestExecutionContext)
UnityEngine.SetupCoroutine:InvokeMoveNext (System.Collections.IEnumerator,intptr)

]]></stack-trace>
                </failure>
                <output><![CDATA[[Error] [AsakiPool] TestPool Sync create failed: Simulated creation failure <color=grey>(AsakiGenericPool.cs:252)</color>
System.InvalidOperationException: Simulated creation failure
  at Asaki.Tests.Pooling.TestObjectFactory.CreateSync () [0x0000c] in E:\Projects\UnityGame\Asaki\Assets\Tests\Pooling\AsakiGenericPoolCoreTests.cs:73 
  at Asaki.Core.Pooling.AsakiGenericPool`1[T].Get () [0x00108] in E:\Projects\UnityGame\Asaki\Assets\Asaki\Core\Pooling\AsakiGenericPool.cs:229 
[Info] [AsakiPool] TestPool Disposed - Total: 0, Active: 0, Inactive: 0, Destroyed: 0, Gets: 0, Returns: 0 <color=grey>(AsakiGenericPool.cs:616)</color>
]]></output>
              </test-case>
              <test-case id="1011" name="Get_WhenOnGetThrowsException_StillReturnsObject" fullname="Asaki.Tests.Pooling.AsakiGenericPoolBoundaryTests.Get_WhenOnGetThrowsException_StillReturnsObject" methodname="Get_WhenOnGetThrowsException_StillReturnsObject" classname="Asaki.Tests.Pooling.AsakiGenericPoolBoundaryTests" runstate="Runnable" seed="479460561" result="Passed" start-time="2026-02-01 11:00:36Z" end-time="2026-02-01 11:00:36Z" duration="0.008199" asserts="0">
                <properties>
                  <property name="Category" value="Exception" />
                  <property name="Description" value="测试工厂OnGet抛出异常不影响获取" />
                  <property name="retryIteration" value="0" />
                  <property name="repeatIteration" value="0" />
                </properties>
                <output><![CDATA[[Warning] [AsakiPool] TestPool Disposed with 1 active objects <color=grey>(AsakiGenericPool.cs:609)</color>
[Info] [AsakiPool] TestPool Disposed - Total: 1, Active: 1, Inactive: 0, Destroyed: 0, Gets: 1, Returns: 0 <color=grey>(AsakiGenericPool.cs:616)</color>
]]></output>
              </test-case>
              <test-case id="1015" name="GetAsync_AfterDispose_ThrowsObjectDisposedException" fullname="Asaki.Tests.Pooling.AsakiGenericPoolBoundaryTests.GetAsync_AfterDispose_ThrowsObjectDisposedException" methodname="GetAsync_AfterDispose_ThrowsObjectDisposedException" classname="Asaki.Tests.Pooling.AsakiGenericPoolBoundaryTests" runstate="Runnable" seed="2144885234" result="Passed" start-time="2026-02-01 11:00:36Z" end-time="2026-02-01 11:00:36Z" duration="0.045714" asserts="0">
                <properties>
                  <property name="_JOINTYPE" value="UnityCombinatorial" />
                  <property name="Category" value="Exception" />
                  <property name="Description" value="测试释放后异步获取抛出ObjectDisposedException" />
                  <property name="retryIteration" value="0" />
                  <property name="repeatIteration" value="0" />
                </properties>
                <output><![CDATA[[Info] [AsakiPool] TestPool Disposed - Total: 0, Active: 0, Inactive: 0, Destroyed: 0, Gets: 0, Returns: 0 <color=grey>(AsakiGenericPool.cs:616)</color>
]]></output>
              </test-case>
              <test-case id="1010" name="GetAsync_WhenFactoryThrowsException_ReturnsNull" fullname="Asaki.Tests.Pooling.AsakiGenericPoolBoundaryTests.GetAsync_WhenFactoryThrowsException_ReturnsNull" methodname="GetAsync_WhenFactoryThrowsException_ReturnsNull" classname="Asaki.Tests.Pooling.AsakiGenericPoolBoundaryTests" runstate="Runnable" seed="292511147" result="Failed" start-time="2026-02-01 11:00:36Z" end-time="2026-02-01 11:00:36Z" duration="0.036109" asserts="0">
                <properties>
                  <property name="_JOINTYPE" value="UnityCombinatorial" />
                  <property name="Category" value="Exception" />
                  <property name="Description" value="测试异步获取时工厂抛出异常" />
                  <property name="retryIteration" value="0" />
                  <property name="repeatIteration" value="0" />
                </properties>
                <failure>
                  <message><![CDATA[Unhandled log message: '[Error] [Error] [AsakiPool] TestPool GetAsync exception: Simulated creation failure <color=grey>(AsakiGenericPool.cs:153)</color>
System.InvalidOperationException: Simulated creation failure
  at Asaki.Tests.Pooling.TestObjectFactory.CreateAsync (System.Threading.CancellationToken token) [0x0000c] in E:\Projects\UnityGame\Asaki\Assets\Tests\Pooling\AsakiGenericPoolCoreTests.cs:57 
  at Asaki.Core.Pooling.AsakiGenericPool`1[T].CreateObjectAsync (System.Threading.CancellationToken token) [0x00125] in E:\Projects\UnityGame\Asaki\Assets\Asaki\Core\Pooling\AsakiGenericPool.cs:296 
  at Cysharp.Threading.Tasks.UniTask+ExceptionResultSource`1[T].GetResult (System.Int16 token) [0x0001e] in .\Library\PackageCache\com.cysharp.unitask\Runtime\UniTask.Factory.cs:370 
  at Cysharp.Threading.Tasks.UniTask`1+Awaiter[T].GetResult () [0x00025] in .\Library\PackageCache\com.cysharp.unitask\Runtime\UniTask.cs:657 
  at Asaki.Core.Pooling.AsakiGenericPool`1[T].GetAsync (System.Threading.CancellationToken token) [0x00066] in E:\Projects\UnityGame\Asaki\Assets\Asaki\Core\Pooling\AsakiGenericPool.cs:138 '. Use UnityEngine.TestTools.LogAssert.Expect]]></message>
                  <stack-trace><![CDATA[Asaki.Core.Logging.ALog:FallbackToUnityDebug (Asaki.Core.Logging.AsakiLogLevel,string,object,string,int,System.Exception) (at Assets/Asaki/Core/Logging/ALog.cs:122)
Asaki.Core.Logging.ALog:Error (string,System.Exception,string,int) (at Assets/Asaki/Core/Logging/ALog.cs:256)
Asaki.Core.Pooling.AsakiGenericPool`1/<GetAsync>d__23<Asaki.Tests.Pooling.TestPoolObject>:MoveNext () (at Assets/Asaki/Core/Pooling/AsakiGenericPool.cs:153)
Cysharp.Threading.Tasks.CompilerServices.AsyncUniTaskMethodBuilder`1<Asaki.Tests.Pooling.TestPoolObject>:Start<Asaki.Core.Pooling.AsakiGenericPool`1/<GetAsync>d__23<Asaki.Tests.Pooling.TestPoolObject>> (Asaki.Core.Pooling.AsakiGenericPool`1/<GetAsync>d__23<Asaki.Tests.Pooling.TestPoolObject>&) (at ./Library/PackageCache/com.cysharp.unitask/Runtime/CompilerServices/AsyncUniTaskMethodBuilder.cs:242)
Asaki.Core.Pooling.AsakiGenericPool`1<Asaki.Tests.Pooling.TestPoolObject>:GetAsync (System.Threading.CancellationToken)
Asaki.Tests.Pooling.AsakiGenericPoolBoundaryTests/<GetAsync_WhenFactoryThrowsException_ReturnsNull>d__12:MoveNext () (at Assets/Tests/Pooling/AsakiGenericPoolBoundaryTests.cs:330)
UnityEngine.SetupCoroutine:InvokeMoveNext (System.Collections.IEnumerator,intptr)

]]></stack-trace>
                </failure>
                <output><![CDATA[[Error] [AsakiPool] TestPool GetAsync exception: Simulated creation failure <color=grey>(AsakiGenericPool.cs:153)</color>
System.InvalidOperationException: Simulated creation failure
  at Asaki.Tests.Pooling.TestObjectFactory.CreateAsync (System.Threading.CancellationToken token) [0x0000c] in E:\Projects\UnityGame\Asaki\Assets\Tests\Pooling\AsakiGenericPoolCoreTests.cs:57 
  at Asaki.Core.Pooling.AsakiGenericPool`1[T].CreateObjectAsync (System.Threading.CancellationToken token) [0x00125] in E:\Projects\UnityGame\Asaki\Assets\Asaki\Core\Pooling\AsakiGenericPool.cs:296 
  at Cysharp.Threading.Tasks.UniTask+ExceptionResultSource`1[T].GetResult (System.Int16 token) [0x0001e] in .\Library\PackageCache\com.cysharp.unitask\Runtime\UniTask.Factory.cs:370 
  at Cysharp.Threading.Tasks.UniTask`1+Awaiter[T].GetResult () [0x00025] in .\Library\PackageCache\com.cysharp.unitask\Runtime\UniTask.cs:657 
  at Asaki.Core.Pooling.AsakiGenericPool`1[T].GetAsync (System.Threading.CancellationToken token) [0x00066] in E:\Projects\UnityGame\Asaki\Assets\Asaki\Core\Pooling\AsakiGenericPool.cs:138 
]]></output>
              </test-case>
              <test-case id="1004" name="Pool_ConcurrentGets_MaintainsCorrectCount" fullname="Asaki.Tests.Pooling.AsakiGenericPoolBoundaryTests.Pool_ConcurrentGets_MaintainsCorrectCount" methodname="Pool_ConcurrentGets_MaintainsCorrectCount" classname="Asaki.Tests.Pooling.AsakiGenericPoolBoundaryTests" runstate="Runnable" seed="1375558064" result="Passed" start-time="2026-02-01 11:00:36Z" end-time="2026-02-01 11:00:36Z" duration="0.010832" asserts="0">
                <properties>
                  <property name="Category" value="Boundary" />
                  <property name="Description" value="测试并发获取对象" />
                  <property name="retryIteration" value="0" />
                  <property name="repeatIteration" value="0" />
                </properties>
                <output><![CDATA[[Warning] [AsakiPool] TestPool Disposed with 500 active objects <color=grey>(AsakiGenericPool.cs:609)</color>
[Info] [AsakiPool] TestPool Disposed - Total: 500, Active: 500, Inactive: 0, Destroyed: 0, Gets: 500, Returns: 0 <color=grey>(AsakiGenericPool.cs:616)</color>
]]></output>
              </test-case>
              <test-case id="1005" name="Pool_ConcurrentReturns_MaintainsCorrectCount" fullname="Asaki.Tests.Pooling.AsakiGenericPoolBoundaryTests.Pool_ConcurrentReturns_MaintainsCorrectCount" methodname="Pool_ConcurrentReturns_MaintainsCorrectCount" classname="Asaki.Tests.Pooling.AsakiGenericPoolBoundaryTests" runstate="Runnable" seed="1745392179" result="Failed" start-time="2026-02-01 11:00:36Z" end-time="2026-02-01 11:00:36Z" duration="0.020829" asserts="0">
                <properties>
                  <property name="Category" value="Boundary" />
                  <property name="Description" value="测试并发归还对象" />
                  <property name="retryIteration" value="0" />
                  <property name="repeatIteration" value="0" />
                </properties>
                <failure>
                  <message><![CDATA[  所有对象都应该被尝试归还
  Expected: 100
  But was:  0
]]></message>
                  <stack-trace><![CDATA[at Asaki.Tests.Pooling.AsakiGenericPoolBoundaryTests.Pool_ConcurrentReturns_MaintainsCorrectCount () [0x00118] in E:\Projects\UnityGame\Asaki\Assets\Tests\Pooling\AsakiGenericPoolBoundaryTests.cs:210
]]></stack-trace>
                </failure>
              </test-case>
              <test-case id="1019" name="Pool_GetReturnCycle_ReusesSameObject" fullname="Asaki.Tests.Pooling.AsakiGenericPoolBoundaryTests.Pool_GetReturnCycle_ReusesSameObject" methodname="Pool_GetReturnCycle_ReusesSameObject" classname="Asaki.Tests.Pooling.AsakiGenericPoolBoundaryTests" runstate="Runnable" seed="1376191514" result="Passed" start-time="2026-02-01 11:00:36Z" end-time="2026-02-01 11:00:36Z" duration="0.002237" asserts="0">
                <properties>
                  <property name="Category" value="Special" />
                  <property name="Description" value="测试获取-归还-再获取循环" />
                  <property name="retryIteration" value="0" />
                  <property name="repeatIteration" value="0" />
                </properties>
                <output><![CDATA[[Warning] [AsakiPool] TestPool Disposed with 1 active objects <color=grey>(AsakiGenericPool.cs:609)</color>
[Info] [AsakiPool] TestPool Disposed - Total: 1, Active: 1, Inactive: 0, Destroyed: 0, Gets: 2, Returns: 1 <color=grey>(AsakiGenericPool.cs:616)</color>
]]></output>
              </test-case>
              <test-case id="1003" name="Pool_HighVolumeOperations_MaintainsConsistency" fullname="Asaki.Tests.Pooling.AsakiGenericPoolBoundaryTests.Pool_HighVolumeOperations_MaintainsConsistency" methodname="Pool_HighVolumeOperations_MaintainsConsistency" classname="Asaki.Tests.Pooling.AsakiGenericPoolBoundaryTests" runstate="Runnable" seed="1340579602" result="Passed" start-time="2026-02-01 11:00:36Z" end-time="2026-02-01 11:00:36Z" duration="0.004746" asserts="0">
                <properties>
                  <property name="Category" value="Boundary" />
                  <property name="Description" value="测试大量对象获取和归还" />
                  <property name="retryIteration" value="0" />
                  <property name="repeatIteration" value="0" />
                </properties>
                <output><![CDATA[[Info] [AsakiPool] TestPool Disposed - Total: 1000, Active: 0, Inactive: -1000, Destroyed: 1000, Gets: 1000, Returns: 1000 <color=grey>(AsakiGenericPool.cs:616)</color>
]]></output>
              </test-case>
              <test-case id="1022" name="Pool_LongRunningOperations_RemainsStable" fullname="Asaki.Tests.Pooling.AsakiGenericPoolBoundaryTests.Pool_LongRunningOperations_RemainsStable" methodname="Pool_LongRunningOperations_RemainsStable" classname="Asaki.Tests.Pooling.AsakiGenericPoolBoundaryTests" runstate="Runnable" seed="201645528" result="Passed" start-time="2026-02-01 11:00:36Z" end-time="2026-02-01 11:00:36Z" duration="0.010966" asserts="0">
                <properties>
                  <property name="Category" value="Special" />
                  <property name="Description" value="测试长时间运行后的池稳定性" />
                  <property name="retryIteration" value="0" />
                  <property name="repeatIteration" value="0" />
                </properties>
                <output><![CDATA[[Info] [AsakiPool] TestPool Shrunk by 1 objects <color=grey>(AsakiGenericPool.cs:450)</color>
[Info] [AsakiPool] TestPool Shrunk by 1 objects <color=grey>(AsakiGenericPool.cs:450)</color>
[Info] [AsakiPool] TestPool Shrunk by 1 objects <color=grey>(AsakiGenericPool.cs:450)</color>
[Info] [AsakiPool] TestPool Shrunk by 1 objects <color=grey>(AsakiGenericPool.cs:450)</color>
[Info] [AsakiPool] TestPool Shrunk by 1 objects <color=grey>(AsakiGenericPool.cs:450)</color>
[Info] [AsakiPool] TestPool Shrunk by 1 objects <color=grey>(AsakiGenericPool.cs:450)</color>
[Info] [AsakiPool] TestPool Shrunk by 1 objects <color=grey>(AsakiGenericPool.cs:450)</color>
[Info] [AsakiPool] TestPool Shrunk by 1 objects <color=grey>(AsakiGenericPool.cs:450)</color>
[Info] [AsakiPool] TestPool Shrunk by 1 objects <color=grey>(AsakiGenericPool.cs:450)</color>
[Info] [AsakiPool] TestPool Shrunk by 1 objects <color=grey>(AsakiGenericPool.cs:450)</color>
[Info] [AsakiPool] TestPool Disposed - Total: 12, Active: 0, Inactive: -2, Destroyed: 12, Gets: 200, Returns: 200 <color=grey>(AsakiGenericPool.cs:616)</color>
]]></output>
              </test-case>
              <test-case id="1020" name="Pool_MultipleObjects_LIFOReturn" fullname="Asaki.Tests.Pooling.AsakiGenericPoolBoundaryTests.Pool_MultipleObjects_LIFOReturn" methodname="Pool_MultipleObjects_LIFOReturn" classname="Asaki.Tests.Pooling.AsakiGenericPoolBoundaryTests" runstate="Runnable" seed="1164839649" result="Passed" start-time="2026-02-01 11:00:36Z" end-time="2026-02-01 11:00:36Z" duration="0.002310" asserts="0">
                <properties>
                  <property name="Category" value="Special" />
                  <property name="Description" value="测试多对象获取后的LIFO顺序" />
                  <property name="retryIteration" value="0" />
                  <property name="repeatIteration" value="0" />
                </properties>
                <output><![CDATA[[Warning] [AsakiPool] TestPool Disposed with 3 active objects <color=grey>(AsakiGenericPool.cs:609)</color>
[Info] [AsakiPool] TestPool Disposed - Total: 3, Active: 3, Inactive: -1, Destroyed: 0, Gets: 6, Returns: 3 <color=grey>(AsakiGenericPool.cs:616)</color>
]]></output>
              </test-case>
              <test-case id="1021" name="Pool_PartialActiveObjects_CorrectStatistics" fullname="Asaki.Tests.Pooling.AsakiGenericPoolBoundaryTests.Pool_PartialActiveObjects_CorrectStatistics" methodname="Pool_PartialActiveObjects_CorrectStatistics" classname="Asaki.Tests.Pooling.AsakiGenericPoolBoundaryTests" runstate="Runnable" seed="1437237236" result="Passed" start-time="2026-02-01 11:00:36Z" end-time="2026-02-01 11:00:36Z" duration="0.002083" asserts="0">
                <properties>
                  <property name="Category" value="Special" />
                  <property name="Description" value="测试部分对象活动时的统计" />
                  <property name="retryIteration" value="0" />
                  <property name="repeatIteration" value="0" />
                </properties>
                <output><![CDATA[[Warning] [AsakiPool] TestPool Disposed with 2 active objects <color=grey>(AsakiGenericPool.cs:609)</color>
[Info] [AsakiPool] TestPool Disposed - Total: 5, Active: 2, Inactive: -3, Destroyed: 3, Gets: 5, Returns: 3 <color=grey>(AsakiGenericPool.cs:616)</color>
]]></output>
              </test-case>
              <test-case id="1007" name="Pool_WithCollectionCheckDisabled_AllowsDoubleReturn" fullname="Asaki.Tests.Pooling.AsakiGenericPoolBoundaryTests.Pool_WithCollectionCheckDisabled_AllowsDoubleReturn" methodname="Pool_WithCollectionCheckDisabled_AllowsDoubleReturn" classname="Asaki.Tests.Pooling.AsakiGenericPoolBoundaryTests" runstate="Runnable" seed="1642757322" result="Passed" start-time="2026-02-01 11:00:36Z" end-time="2026-02-01 11:00:36Z" duration="0.001800" asserts="0">
                <properties>
                  <property name="Category" value="Boundary" />
                  <property name="Description" value="测试禁用集合检查时重复归还不被检测" />
                  <property name="retryIteration" value="0" />
                  <property name="repeatIteration" value="0" />
                </properties>
                <output><![CDATA[[Info] [AsakiPool] TestPool Disposed - Total: 1, Active: 0, Inactive: -3, Destroyed: 3, Gets: 1, Returns: 3 <color=grey>(AsakiGenericPool.cs:616)</color>
]]></output>
              </test-case>
              <test-case id="1008" name="Pool_WithValidationDisabled_AcceptsInvalidObjects" fullname="Asaki.Tests.Pooling.AsakiGenericPoolBoundaryTests.Pool_WithValidationDisabled_AcceptsInvalidObjects" methodname="Pool_WithValidationDisabled_AcceptsInvalidObjects" classname="Asaki.Tests.Pooling.AsakiGenericPoolBoundaryTests" runstate="Runnable" seed="811596256" result="Passed" start-time="2026-02-01 11:00:36Z" end-time="2026-02-01 11:00:36Z" duration="0.001491" asserts="0">
                <properties>
                  <property name="Category" value="Boundary" />
                  <property name="Description" value="测试禁用验证时无效对象也被接受" />
                  <property name="retryIteration" value="0" />
                  <property name="repeatIteration" value="0" />
                </properties>
                <output><![CDATA[[Info] [AsakiPool] TestPool Disposed - Total: 1, Active: 0, Inactive: -1, Destroyed: 1, Gets: 1, Returns: 1 <color=grey>(AsakiGenericPool.cs:616)</color>
]]></output>
              </test-case>
              <test-case id="1006" name="Pool_WithValidationFailed_DestroysObject" fullname="Asaki.Tests.Pooling.AsakiGenericPoolBoundaryTests.Pool_WithValidationFailed_DestroysObject" methodname="Pool_WithValidationFailed_DestroysObject" classname="Asaki.Tests.Pooling.AsakiGenericPoolBoundaryTests" runstate="Runnable" seed="2112013534" result="Passed" start-time="2026-02-01 11:00:36Z" end-time="2026-02-01 11:00:36Z" duration="0.002533" asserts="0">
                <properties>
                  <property name="Category" value="Boundary" />
                  <property name="Description" value="测试验证失败的对象被销毁" />
                  <property name="retryIteration" value="0" />
                  <property name="repeatIteration" value="0" />
                </properties>
                <output><![CDATA[[Warning] [AsakiPool] TestPool Object validation failed, destroying <color=grey>(AsakiGenericPool.cs:343)</color>
[Warning] [AsakiPool] TestPool Disposed with 1 active objects <color=grey>(AsakiGenericPool.cs:609)</color>
[Info] [AsakiPool] TestPool Disposed - Total: 1, Active: 1, Inactive: 0, Destroyed: 1, Gets: 1, Returns: 0 <color=grey>(AsakiGenericPool.cs:616)</color>
]]></output>
              </test-case>
              <test-case id="1002" name="Pool_WithZeroMaxSize_DestroysAllReturnedObjects" fullname="Asaki.Tests.Pooling.AsakiGenericPoolBoundaryTests.Pool_WithZeroMaxSize_DestroysAllReturnedObjects" methodname="Pool_WithZeroMaxSize_DestroysAllReturnedObjects" classname="Asaki.Tests.Pooling.AsakiGenericPoolBoundaryTests" runstate="Runnable" seed="1435513361" result="Passed" start-time="2026-02-01 11:00:36Z" end-time="2026-02-01 11:00:36Z" duration="0.003163" asserts="0">
                <properties>
                  <property name="Category" value="Boundary" />
                  <property name="Description" value="测试池大小为0时的行为" />
                  <property name="retryIteration" value="0" />
                  <property name="repeatIteration" value="0" />
                </properties>
                <output><![CDATA[[Info] [AsakiPool] TestPool Pool full (0/0), destroying object <color=grey>(AsakiGenericPool.cs:355)</color>
[Warning] [AsakiPool] TestPool Disposed with 1 active objects <color=grey>(AsakiGenericPool.cs:609)</color>
[Info] [AsakiPool] TestPool Disposed - Total: 1, Active: 1, Inactive: 0, Destroyed: 1, Gets: 1, Returns: 0 <color=grey>(AsakiGenericPool.cs:616)</color>
]]></output>
              </test-case>
              <test-case id="1016" name="PrewarmAsync_AfterDispose_ThrowsObjectDisposedException" fullname="Asaki.Tests.Pooling.AsakiGenericPoolBoundaryTests.PrewarmAsync_AfterDispose_ThrowsObjectDisposedException" methodname="PrewarmAsync_AfterDispose_ThrowsObjectDisposedException" classname="Asaki.Tests.Pooling.AsakiGenericPoolBoundaryTests" runstate="Runnable" seed="1557808574" result="Passed" start-time="2026-02-01 11:00:36Z" end-time="2026-02-01 11:00:36Z" duration="0.041396" asserts="0">
                <properties>
                  <property name="_JOINTYPE" value="UnityCombinatorial" />
                  <property name="Category" value="Exception" />
                  <property name="Description" value="测试释放后预热抛出ObjectDisposedException" />
                  <property name="retryIteration" value="0" />
                  <property name="repeatIteration" value="0" />
                </properties>
                <output><![CDATA[[Info] [AsakiPool] TestPool Disposed - Total: 0, Active: 0, Inactive: 0, Destroyed: 0, Gets: 0, Returns: 0 <color=grey>(AsakiGenericPool.cs:616)</color>
]]></output>
              </test-case>
              <test-case id="1012" name="Return_WhenOnReturnThrowsException_StillProcessesReturn" fullname="Asaki.Tests.Pooling.AsakiGenericPoolBoundaryTests.Return_WhenOnReturnThrowsException_StillProcessesReturn" methodname="Return_WhenOnReturnThrowsException_StillProcessesReturn" classname="Asaki.Tests.Pooling.AsakiGenericPoolBoundaryTests" runstate="Runnable" seed="1719413746" result="Passed" start-time="2026-02-01 11:00:36Z" end-time="2026-02-01 11:00:36Z" duration="0.001947" asserts="0">
                <properties>
                  <property name="Category" value="Exception" />
                  <property name="Description" value="测试工厂OnReturn抛出异常不影响归还" />
                  <property name="retryIteration" value="0" />
                  <property name="repeatIteration" value="0" />
                </properties>
                <output><![CDATA[[Info] [AsakiPool] TestPool Disposed - Total: 1, Active: 0, Inactive: -1, Destroyed: 1, Gets: 1, Returns: 1 <color=grey>(AsakiGenericPool.cs:616)</color>
]]></output>
              </test-case>
              <test-case id="1018" name="Shrink_AfterDispose_ThrowsObjectDisposedException" fullname="Asaki.Tests.Pooling.AsakiGenericPoolBoundaryTests.Shrink_AfterDispose_ThrowsObjectDisposedException" methodname="Shrink_AfterDispose_ThrowsObjectDisposedException" classname="Asaki.Tests.Pooling.AsakiGenericPoolBoundaryTests" runstate="Runnable" seed="547326133" result="Passed" start-time="2026-02-01 11:00:36Z" end-time="2026-02-01 11:00:36Z" duration="0.002293" asserts="0">
                <properties>
                  <property name="Category" value="Exception" />
                  <property name="Description" value="测试释放后收缩抛出ObjectDisposedException" />
                  <property name="retryIteration" value="0" />
                  <property name="repeatIteration" value="0" />
                </properties>
                <output><![CDATA[[Info] [AsakiPool] TestPool Disposed - Total: 0, Active: 0, Inactive: 0, Destroyed: 0, Gets: 0, Returns: 0 <color=grey>(AsakiGenericPool.cs:616)</color>
Saving results to: C:/Users/bronya/AppData/LocalLow/DefaultCompany/Asaki\TestResults.xml
]]></output>
              </test-case>
            </test-suite>
          </test-suite>
        </test-suite>
      </test-suite>
    </test-suite>
  </test-suite>
</test-run>